14:32:01,154 INFO  [org.openqa.selenium.server.SeleniumServer] Java: Oracle Corporation 23.2-b09
14:32:01,158 INFO  [org.openqa.selenium.server.SeleniumServer] OS: Windows 7 6.1 amd64
14:32:01,216 INFO  [org.openqa.selenium.server.SeleniumServer] v2.37.0, with Core v2.37.0. Built from revision a7c61cbd68657e133ae96672cf995890bad2ee42
14:32:01.436 WARN - Unable to register driver with className org.openqa.selenium.htmlunit.HtmlUnitDriver - dependency missing due org/openqa/selenium/HasInputDevices
java.lang.NoClassDefFoundError: org/openqa/selenium/HasInputDevices
	at java.lang.ClassLoader.defineClass1(Native Method)
	at java.lang.ClassLoader.defineClass(ClassLoader.java:791)
	at java.security.SecureClassLoader.defineClass(SecureClassLoader.java:142)
	at java.net.URLClassLoader.defineClass(URLClassLoader.java:449)
	at java.net.URLClassLoader.access$100(URLClassLoader.java:71)
	at java.net.URLClassLoader$1.run(URLClassLoader.java:361)
	at java.net.URLClassLoader$1.run(URLClassLoader.java:355)
	at java.security.AccessController.doPrivileged(Native Method)
	at java.net.URLClassLoader.findClass(URLClassLoader.java:354)
	at java.lang.ClassLoader.loadClass(ClassLoader.java:423)
	at sun.misc.Launcher$AppClassLoader.loadClass(Launcher.java:308)
	at java.lang.ClassLoader.loadClass(ClassLoader.java:356)
	at java.lang.Class.forName0(Native Method)
	at java.lang.Class.forName(Class.java:186)
	at org.openqa.selenium.remote.server.DefaultDriverSessions.registerDriver(DefaultDriverSessions.java:94)
	at org.openqa.selenium.remote.server.DefaultDriverSessions.registerDefaults(DefaultDriverSessions.java:82)
	at org.openqa.selenium.remote.server.DefaultDriverSessions.<init>(DefaultDriverSessions.java:69)
	at org.openqa.selenium.remote.server.DefaultDriverSessions.<init>(DefaultDriverSessions.java:56)
	at org.openqa.selenium.server.SeleniumServer.assembleHandlers(SeleniumServer.java:362)
	at org.openqa.selenium.server.SeleniumServer.createJettyServer(SeleniumServer.java:322)
	at org.openqa.selenium.server.SeleniumServer.<init>(SeleniumServer.java:277)
	at org.openqa.selenium.server.SeleniumServer.main(SeleniumServer.java:244)
Caused by: java.lang.ClassNotFoundException: org.openqa.selenium.HasInputDevices
	at java.net.URLClassLoader$1.run(URLClassLoader.java:366)
	at java.net.URLClassLoader$1.run(URLClassLoader.java:355)
	at java.security.AccessController.doPrivileged(Native Method)
	at java.net.URLClassLoader.findClass(URLClassLoader.java:354)
	at java.lang.ClassLoader.loadClass(ClassLoader.java:423)
	at sun.misc.Launcher$AppClassLoader.loadClass(Launcher.java:308)
	at java.lang.ClassLoader.loadClass(ClassLoader.java:356)
	... 22 more
14:32:01.497 INFO - Default driver org.openqa.selenium.iphone.IPhoneDriver registration is skipped: registration capabilities Capabilities [{platform=MAC, browserName=iPad, version=}] does not match with current platform: VISTA
14:32:01.498 INFO - Unable to register driver with className com.opera.core.systems.OperaDriver - not be able to create due com.opera.core.systems.OperaDriver
java.lang.ClassNotFoundException: com.opera.core.systems.OperaDriver
	at java.net.URLClassLoader$1.run(URLClassLoader.java:366)
	at java.net.URLClassLoader$1.run(URLClassLoader.java:355)
	at java.security.AccessController.doPrivileged(Native Method)
	at java.net.URLClassLoader.findClass(URLClassLoader.java:354)
	at java.lang.ClassLoader.loadClass(ClassLoader.java:423)
	at sun.misc.Launcher$AppClassLoader.loadClass(Launcher.java:308)
	at java.lang.ClassLoader.loadClass(ClassLoader.java:356)
	at java.lang.Class.forName0(Native Method)
	at java.lang.Class.forName(Class.java:186)
	at org.openqa.selenium.remote.server.DefaultDriverSessions.registerDriver(DefaultDriverSessions.java:94)
	at org.openqa.selenium.remote.server.DefaultDriverSessions.registerDefaults(DefaultDriverSessions.java:82)
	at org.openqa.selenium.remote.server.DefaultDriverSessions.<init>(DefaultDriverSessions.java:69)
	at org.openqa.selenium.remote.server.DefaultDriverSessions.<init>(DefaultDriverSessions.java:56)
	at org.openqa.selenium.server.SeleniumServer.assembleHandlers(SeleniumServer.java:362)
	at org.openqa.selenium.server.SeleniumServer.createJettyServer(SeleniumServer.java:322)
	at org.openqa.selenium.server.SeleniumServer.<init>(SeleniumServer.java:277)
	at org.openqa.selenium.server.SeleniumServer.main(SeleniumServer.java:244)
14:32:01.501 INFO - Unable to register driver with className org.openqa.selenium.phantomjs.PhantomJSDriver - not be able to create due org.openqa.selenium.phantomjs.PhantomJSDriver
java.lang.ClassNotFoundException: org.openqa.selenium.phantomjs.PhantomJSDriver
	at java.net.URLClassLoader$1.run(URLClassLoader.java:366)
	at java.net.URLClassLoader$1.run(URLClassLoader.java:355)
	at java.security.AccessController.doPrivileged(Native Method)
	at java.net.URLClassLoader.findClass(URLClassLoader.java:354)
	at java.lang.ClassLoader.loadClass(ClassLoader.java:423)
	at sun.misc.Launcher$AppClassLoader.loadClass(Launcher.java:308)
	at java.lang.ClassLoader.loadClass(ClassLoader.java:356)
	at java.lang.Class.forName0(Native Method)
	at java.lang.Class.forName(Class.java:186)
	at org.openqa.selenium.remote.server.DefaultDriverSessions.registerDriver(DefaultDriverSessions.java:94)
	at org.openqa.selenium.remote.server.DefaultDriverSessions.registerDefaults(DefaultDriverSessions.java:82)
	at org.openqa.selenium.remote.server.DefaultDriverSessions.<init>(DefaultDriverSessions.java:69)
	at org.openqa.selenium.remote.server.DefaultDriverSessions.<init>(DefaultDriverSessions.java:56)
	at org.openqa.selenium.server.SeleniumServer.assembleHandlers(SeleniumServer.java:362)
	at org.openqa.selenium.server.SeleniumServer.createJettyServer(SeleniumServer.java:322)
	at org.openqa.selenium.server.SeleniumServer.<init>(SeleniumServer.java:277)
	at org.openqa.selenium.server.SeleniumServer.main(SeleniumServer.java:244)
14:32:01.549 WARN - Unable to register driver with className org.openqa.selenium.firefox.FirefoxDriver - dependency missing due org/openqa/selenium/remote/RenderedRemoteWebElement
java.lang.NoClassDefFoundError: org/openqa/selenium/remote/RenderedRemoteWebElement
	at java.lang.ClassLoader.defineClass1(Native Method)
	at java.lang.ClassLoader.defineClass(ClassLoader.java:791)
	at java.security.SecureClassLoader.defineClass(SecureClassLoader.java:142)
	at java.net.URLClassLoader.defineClass(URLClassLoader.java:449)
	at java.net.URLClassLoader.access$100(URLClassLoader.java:71)
	at java.net.URLClassLoader$1.run(URLClassLoader.java:361)
	at java.net.URLClassLoader$1.run(URLClassLoader.java:355)
	at java.security.AccessController.doPrivileged(Native Method)
	at java.net.URLClassLoader.findClass(URLClassLoader.java:354)
	at java.lang.ClassLoader.loadClass(ClassLoader.java:423)
	at sun.misc.Launcher$AppClassLoader.loadClass(Launcher.java:308)
	at java.lang.ClassLoader.loadClass(ClassLoader.java:356)
	at java.lang.Class.forName0(Native Method)
	at java.lang.Class.forName(Class.java:186)
	at org.openqa.selenium.remote.server.DefaultDriverSessions.registerDriver(DefaultDriverSessions.java:94)
	at org.openqa.selenium.remote.server.DefaultDriverSessions.registerDefaults(DefaultDriverSessions.java:82)
	at org.openqa.selenium.remote.server.DefaultDriverSessions.<init>(DefaultDriverSessions.java:69)
	at org.openqa.selenium.remote.server.DefaultDriverSessions.<init>(DefaultDriverSessions.java:56)
	at org.openqa.selenium.server.SeleniumServer.assembleHandlers(SeleniumServer.java:362)
	at org.openqa.selenium.server.SeleniumServer.createJettyServer(SeleniumServer.java:322)
	at org.openqa.selenium.server.SeleniumServer.<init>(SeleniumServer.java:277)
	at org.openqa.selenium.server.SeleniumServer.main(SeleniumServer.java:244)
Caused by: java.lang.ClassNotFoundException: org.openqa.selenium.remote.RenderedRemoteWebElement
	at java.net.URLClassLoader$1.run(URLClassLoader.java:366)
	at java.net.URLClassLoader$1.run(URLClassLoader.java:355)
	at java.security.AccessController.doPrivileged(Native Method)
	at java.net.URLClassLoader.findClass(URLClassLoader.java:354)
	at java.lang.ClassLoader.loadClass(ClassLoader.java:423)
	at sun.misc.Launcher$AppClassLoader.loadClass(Launcher.java:308)
	at java.lang.ClassLoader.loadClass(ClassLoader.java:356)
	... 22 more
14:32:01.569 INFO - Default driver org.openqa.selenium.iphone.IPhoneDriver registration is skipped: registration capabilities Capabilities [{platform=MAC, browserName=iPhone, version=}] does not match with current platform: VISTA
14:32:01,743 INFO  [org.openqa.selenium.server.SeleniumServer] RemoteWebDriver instances should connect to: http://127.0.0.1:4444/wd/hub
14:32:01,746 INFO  [org.openqa.jetty.http.HttpServer] Version Jetty/5.1.x
14:32:01,749 INFO  [org.openqa.jetty.util.Container] Started HttpContext[/selenium-server/driver,/selenium-server/driver]
14:32:01,751 INFO  [org.openqa.jetty.util.Container] Started HttpContext[/selenium-server,/selenium-server]
14:32:01,751 INFO  [org.openqa.jetty.util.Container] Started HttpContext[/,/]
14:32:01,879 INFO  [org.openqa.jetty.util.Container] Started org.openqa.jetty.jetty.servlet.ServletHandler@755ee1ed
14:32:01,879 INFO  [org.openqa.jetty.util.Container] Started HttpContext[/wd,/wd]
14:32:01,889 INFO  [org.openqa.jetty.http.SocketListener] Started SocketListener on 0.0.0.0:4444
14:32:01,889 INFO  [org.openqa.jetty.util.Container] Started org.openqa.jetty.jetty.Server@4c3a8ea3
14:32:02.356 INFO - Checking Resource aliases
